<?xml version="1.0" encoding="UTF-8"?>
<!-- Generated by org.testng.reporters.JUnitReportReporter -->
<testsuite skipped="0" hostname="Shashank-PC" name="com.qa.YamlDemo.BasicTests" tests="1" failures="0" timestamp="29 Jan 2020 00:39:32 GMT" time="0.337" errors="0">
  <testcase name="yamlFileToMap" time="0.337" classname="com.qa.YamlDemo.BasicTests"/>
</testsuite> <!-- com.qa.YamlDemo.BasicTests -->
